2019-05-13T00:13:24+00:00 CRITICAL Uncaught Error: Call to a member function delete() on null in /home/nuestra7/public_html/fundacion/wp-content/plugins/revslider/includes/slider.class.php:1888
Stack trace:
#0 /home/nuestra7/public_html/fundacion/wp-content/plugins/revslider/admin/revslider-admin.class.php(751): RevSliderSlider->importSliderFromPost('true', 'none', false, false, false, 'true')
#1 /home/nuestra7/public_html/fundacion/wp-content/plugins/revslider/admin/revslider-admin.class.php(1264): RevSliderAdmin::importSliderHandle('http://www.nues...', 'true', 'none', 'true')
#2 /home/nuestra7/public_html/fundacion/wp-includes/class-wp-hook.php(286): RevSliderAdmin::onAjaxAction('')
#3 /home/nuestra7/public_html/fundacion/wp-includes/class-wp-hook.php(310): WP_Hook->apply_filters('', Array)
#4 /home/nuestra7/public_html/fundacion/wp-includes/plugin.php(465): WP_Hook->do_action(Array)
#5 /home/nuestra7/public_html/fundacion/wp-admin/admin-ajax.php(173): do_action('wp_ajax_revslid...')
#6 {main}
  thrown en /home/nuestra7/public_html/fundacion/wp-content/plugins/revslider/includes/slider.class.php en la línea 1888

2019-05-13T00:33:02+00:00 CRITICAL Uncaught Error: Call to a member function delete() on null in /home/nuestra7/public_html/fundacion/wp-content/plugins/revslider/includes/slider.class.php:1888
Stack trace:
#0 /home/nuestra7/public_html/fundacion/wp-content/plugins/revslider/admin/revslider-admin.class.php(751): RevSliderSlider->importSliderFromPost('true', 'none', false, false, false, 'true')
#1 /home/nuestra7/public_html/fundacion/wp-content/plugins/revslider/admin/revslider-admin.class.php(1264): RevSliderAdmin::importSliderHandle('http://www.nues...', 'true', 'none', 'true')
#2 /home/nuestra7/public_html/fundacion/wp-includes/class-wp-hook.php(286): RevSliderAdmin::onAjaxAction('')
#3 /home/nuestra7/public_html/fundacion/wp-includes/class-wp-hook.php(310): WP_Hook->apply_filters('', Array)
#4 /home/nuestra7/public_html/fundacion/wp-includes/plugin.php(465): WP_Hook->do_action(Array)
#5 /home/nuestra7/public_html/fundacion/wp-admin/admin-ajax.php(173): do_action('wp_ajax_revslid...')
#6 {main}
  thrown en /home/nuestra7/public_html/fundacion/wp-content/plugins/revslider/includes/slider.class.php en la línea 1888

